This file contains any messages produced by compilers while
running configure, to aid debugging if configure makes a mistake.

It was created by time_keeper configure 0.1, which was
generated by GNU Autoconf 2.71.  Invocation command line was

  $ /home/teste/programando/time_keeper/configure --enable-maintainer-mode 'CFLAGS=-g -O0' 'CXXFLAGS=-g -O0' 'JFLAGS=-g -O0' 'FFLAGS=-g -O0'

## --------- ##
## Platform. ##
## --------- ##

hostname = localhost
uname -m = x86_64
uname -r = 5.15.19-gentoo
uname -s = Linux
uname -v = #1 SMP Wed Mar 23 16:27:03 -03 2022

/usr/bin/uname -p = Intel(R) Core(TM) i5 CPU 650 @ 3.20GHz
/bin/uname -X     = unknown

/bin/arch              = unknown
/usr/bin/arch -k       = unknown
/usr/convex/getsysinfo = unknown
/usr/bin/hostinfo      = unknown
/bin/machine           = unknown
/usr/bin/oslevel       = unknown
/bin/universe          = unknown

PATH: /usr/local/sbin/
PATH: /usr/local/bin/
PATH: /usr/sbin/
PATH: /usr/bin/
PATH: /sbin/
PATH: /bin/
PATH: /opt/bin/
PATH: /usr/lib/llvm/13/bin/
PATH: /usr/lib/llvm/12/bin/
PATH: /home/teste/go/bin/
PATH: /usr/local/share/cmake/Modules/
PATH: /usr/local/lib64/pkgconfig/
PATH: /usr/local/include/solv/
PATH: /usr/local/lib64/
PATH: /usr/local/share/man/man3/
PATH: /usr/local/share/man/man1/
PATH: /usr/sbin/
PATH: /sbin/
PATH: /usr/include/
PATH: /usr/lib/
PATH: /usr/lib/
PATH: /lib/
PATH: /lib64/
PATH: /usr/include/selinux/
PATH: /usr/lib/pkgconfig/
PATH: /usr/lib64/pkgconfig/
PATH: /usr/lib64/python3.6/site-packages/
PATH: /usr/lib64/python3.6/site-packages/selinux/
PATH: /usr/lib64/python3.6/site-packages/selinux/__pycache__/


## ----------- ##
## Core tests. ##
## ----------- ##

configure:2774: looking for aux files: config.guess config.sub ltmain.sh compile missing install-sh
configure:2787:  trying /home/teste/programando/time_keeper/
configure:2816:   /home/teste/programando/time_keeper/config.guess found
configure:2816:   /home/teste/programando/time_keeper/config.sub found
configure:2816:   /home/teste/programando/time_keeper/ltmain.sh found
configure:2816:   /home/teste/programando/time_keeper/compile found
configure:2816:   /home/teste/programando/time_keeper/missing found
configure:2798:   /home/teste/programando/time_keeper/install-sh found
configure:2949: checking for a BSD-compatible install
configure:3022: result: /usr/bin/install -c
configure:3033: checking whether build environment is sane
configure:3088: result: yes
configure:3247: checking for a race-free mkdir -p
configure:3291: result: /bin/mkdir -p
configure:3298: checking for gawk
configure:3319: found /usr/bin/gawk
configure:3330: result: gawk
configure:3341: checking whether make sets $(MAKE)
configure:3364: result: yes
configure:3394: checking whether make supports nested variables
configure:3412: result: yes
configure:3561: checking whether make supports nested variables
configure:3579: result: yes
configure:3660: checking for g++
configure:3681: found /usr/bin/g++
configure:3692: result: g++
configure:3719: checking for C++ compiler version
configure:3728: g++ --version >&5
g++ (Gentoo Hardened 11.2.0 p1) 11.2.0
Copyright (C) 2021 Free Software Foundation, Inc.
This is free software; see the source for copying conditions.  There is NO
warranty; not even for MERCHANTABILITY or FITNESS FOR A PARTICULAR PURPOSE.

configure:3739: $? = 0
configure:3728: g++ -v >&5
Using built-in specs.
COLLECT_GCC=g++
COLLECT_LTO_WRAPPER=/usr/libexec/gcc/x86_64-pc-linux-gnu/11.2.0/lto-wrapper
Target: x86_64-pc-linux-gnu
Configured with: /var/tmp/portage/sys-devel/gcc-11.2.0/work/gcc-11.2.0/configure --host=x86_64-pc-linux-gnu --build=x86_64-pc-linux-gnu --prefix=/usr --bindir=/usr/x86_64-pc-linux-gnu/gcc-bin/11.2.0 --includedir=/usr/lib/gcc/x86_64-pc-linux-gnu/11.2.0/include --datadir=/usr/share/gcc-data/x86_64-pc-linux-gnu/11.2.0 --mandir=/usr/share/gcc-data/x86_64-pc-linux-gnu/11.2.0/man --infodir=/usr/share/gcc-data/x86_64-pc-linux-gnu/11.2.0/info --with-gxx-include-dir=/usr/lib/gcc/x86_64-pc-linux-gnu/11.2.0/include/g++-v11 --with-python-dir=/share/gcc-data/x86_64-pc-linux-gnu/11.2.0/python --enable-languages=c,c++,d,go,jit,fortran --enable-obsolete --enable-secureplt --disable-werror --with-system-zlib --enable-nls --without-included-gettext --disable-libunwind-exceptions --enable-checking=yes --with-bugurl=https://bugs.gentoo.org/ --with-pkgversion='Gentoo Hardened 11.2.0 p1' --enable-esp --enable-libstdcxx-time --with-build-config=bootstrap-lto --disable-libstdcxx-pch --enable-host-shared --enable-shared --enable-threads=posix --enable-__cxa_atexit --enable-clocale=gnu --enable-multilib --with-multilib-list=m32,m64 --disable-fixed-point --enable-targets=all --enable-libgomp --disable-libssp --disable-libada --disable-cet --enable-systemtap --disable-valgrind-annotations --disable-vtable-verify --disable-libvtv --without-zstd --enable-lto --with-isl --disable-isl-version-check --enable-default-pie --enable-default-ssp
Thread model: posix
Supported LTO compression algorithms: zlib
gcc version 11.2.0 (Gentoo Hardened 11.2.0 p1) 
configure:3739: $? = 0
configure:3728: g++ -V >&5
g++: error: unrecognized command-line option '-V'
g++: fatal error: no input files
compilation terminated.
configure:3739: $? = 1
configure:3728: g++ -qversion >&5
g++: error: unrecognized command-line option '-qversion'; did you mean '--version'?
g++: fatal error: no input files
compilation terminated.
configure:3739: $? = 1
configure:3759: checking whether the C++ compiler works
configure:3781: g++ -g -O0   conftest.cpp  >&5
configure:3785: $? = 0
configure:3835: result: yes
configure:3838: checking for C++ compiler default output file name
configure:3840: result: a.out
configure:3846: checking for suffix of executables
configure:3853: g++ -o conftest -g -O0   conftest.cpp  >&5
configure:3857: $? = 0
configure:3880: result: 
configure:3902: checking whether we are cross compiling
configure:3910: g++ -o conftest -g -O0   conftest.cpp  >&5
configure:3914: $? = 0
configure:3921: ./conftest
configure:3925: $? = 0
configure:3940: result: no
configure:3945: checking for suffix of object files
configure:3968: g++ -c -g -O0  conftest.cpp >&5
configure:3972: $? = 0
configure:3994: result: o
configure:3998: checking whether the compiler supports GNU C++
configure:4018: g++ -c -g -O0  conftest.cpp >&5
configure:4018: $? = 0
configure:4028: result: yes
configure:4039: checking whether g++ accepts -g
configure:4060: g++ -c -g  conftest.cpp >&5
configure:4060: $? = 0
configure:4104: result: yes
configure:4124: checking for g++ option to enable C++11 features
configure:4139: g++  -c -g -O0  conftest.cpp >&5
conftest.cpp: In function 'int main(int, char**)':
conftest.cpp:177:25: warning: empty parentheses were disambiguated as a function declaration [-Wvexing-parse]
  177 |   cxx11test::delegate d2();
      |                         ^~
conftest.cpp:177:25: note: remove parentheses to default-initialize a variable
  177 |   cxx11test::delegate d2();
      |                         ^~
      |                         --
conftest.cpp:177:25: note: or replace parentheses with braces to value-initialize a variable
configure:4139: $? = 0
configure:4157: result: none needed
configure:4224: checking whether make supports the include directive
configure:4239: make -f confmf.GNU && cat confinc.out
this is the am__doit target
configure:4242: $? = 0
configure:4261: result: yes (GNU style)
configure:4287: checking dependency style of g++
configure:4399: result: gcc3
configure:4419: checking whether NLS is requested
configure:4429: result: yes
configure:4447: checking for intltool >= 0.35.0
configure:4449: result: 0.51.0 found
configure:4457: checking for intltool-update
configure:4480: found /usr/bin/intltool-update
configure:4492: result: /usr/bin/intltool-update
configure:4502: checking for intltool-merge
configure:4525: found /usr/bin/intltool-merge
configure:4537: result: /usr/bin/intltool-merge
configure:4547: checking for intltool-extract
configure:4570: found /usr/bin/intltool-extract
configure:4582: result: /usr/bin/intltool-extract
configure:4736: checking for xgettext
configure:4759: found /usr/bin/xgettext
configure:4771: result: /usr/bin/xgettext
configure:4781: checking for msgmerge
configure:4804: found /usr/bin/msgmerge
configure:4816: result: /usr/bin/msgmerge
configure:4826: checking for msgfmt
configure:4849: found /usr/bin/msgfmt
configure:4861: result: /usr/bin/msgfmt
configure:4871: checking for gmsgfmt
configure:4894: found /usr/bin/gmsgfmt
configure:4907: result: /usr/bin/gmsgfmt
configure:4927: checking for perl
configure:4950: found /usr/bin/perl
configure:4962: result: /usr/bin/perl
configure:4973: checking for perl >= 5.8.1
configure:4980: result: 5.34.0
configure:4984: checking for XML::Parser
configure:4987: result: ok
configure:5068: checking for gcc
configure:5089: found /usr/bin/gcc
configure:5100: result: gcc
configure:5453: checking for C compiler version
configure:5462: gcc --version >&5
gcc (Gentoo Hardened 11.2.0 p1) 11.2.0
Copyright (C) 2021 Free Software Foundation, Inc.
This is free software; see the source for copying conditions.  There is NO
warranty; not even for MERCHANTABILITY or FITNESS FOR A PARTICULAR PURPOSE.

configure:5473: $? = 0
configure:5462: gcc -v >&5
Using built-in specs.
COLLECT_GCC=gcc
COLLECT_LTO_WRAPPER=/usr/libexec/gcc/x86_64-pc-linux-gnu/11.2.0/lto-wrapper
Target: x86_64-pc-linux-gnu
Configured with: /var/tmp/portage/sys-devel/gcc-11.2.0/work/gcc-11.2.0/configure --host=x86_64-pc-linux-gnu --build=x86_64-pc-linux-gnu --prefix=/usr --bindir=/usr/x86_64-pc-linux-gnu/gcc-bin/11.2.0 --includedir=/usr/lib/gcc/x86_64-pc-linux-gnu/11.2.0/include --datadir=/usr/share/gcc-data/x86_64-pc-linux-gnu/11.2.0 --mandir=/usr/share/gcc-data/x86_64-pc-linux-gnu/11.2.0/man --infodir=/usr/share/gcc-data/x86_64-pc-linux-gnu/11.2.0/info --with-gxx-include-dir=/usr/lib/gcc/x86_64-pc-linux-gnu/11.2.0/include/g++-v11 --with-python-dir=/share/gcc-data/x86_64-pc-linux-gnu/11.2.0/python --enable-languages=c,c++,d,go,jit,fortran --enable-obsolete --enable-secureplt --disable-werror --with-system-zlib --enable-nls --without-included-gettext --disable-libunwind-exceptions --enable-checking=yes --with-bugurl=https://bugs.gentoo.org/ --with-pkgversion='Gentoo Hardened 11.2.0 p1' --enable-esp --enable-libstdcxx-time --with-build-config=bootstrap-lto --disable-libstdcxx-pch --enable-host-shared --enable-shared --enable-threads=posix --enable-__cxa_atexit --enable-clocale=gnu --enable-multilib --with-multilib-list=m32,m64 --disable-fixed-point --enable-targets=all --enable-libgomp --disable-libssp --disable-libada --disable-cet --enable-systemtap --disable-valgrind-annotations --disable-vtable-verify --disable-libvtv --without-zstd --enable-lto --with-isl --disable-isl-version-check --enable-default-pie --enable-default-ssp
Thread model: posix
Supported LTO compression algorithms: zlib
gcc version 11.2.0 (Gentoo Hardened 11.2.0 p1) 
configure:5473: $? = 0
configure:5462: gcc -V >&5
gcc: error: unrecognized command-line option '-V'
gcc: fatal error: no input files
compilation terminated.
configure:5473: $? = 1
configure:5462: gcc -qversion >&5
gcc: error: unrecognized command-line option '-qversion'; did you mean '--version'?
gcc: fatal error: no input files
compilation terminated.
configure:5473: $? = 1
configure:5462: gcc -version >&5
gcc: error: unrecognized command-line option '-version'
gcc: fatal error: no input files
compilation terminated.
configure:5473: $? = 1
configure:5477: checking whether the compiler supports GNU C
configure:5497: gcc -c -g -O0  conftest.c >&5
configure:5497: $? = 0
configure:5507: result: yes
configure:5518: checking whether gcc accepts -g
configure:5539: gcc -c -g  conftest.c >&5
configure:5539: $? = 0
configure:5583: result: yes
configure:5603: checking for gcc option to enable C11 features
configure:5618: gcc  -c -g -O0  conftest.c >&5
configure:5618: $? = 0
configure:5636: result: none needed
configure:5752: checking whether gcc understands -c and -o together
configure:5775: gcc -c conftest.c -o conftest2.o
configure:5778: $? = 0
configure:5775: gcc -c conftest.c -o conftest2.o
configure:5778: $? = 0
configure:5790: result: yes
configure:5809: checking dependency style of gcc
configure:5921: result: gcc3
configure:5941: checking for stdio.h
configure:5941: gcc -c -g -O0  conftest.c >&5
configure:5941: $? = 0
configure:5941: result: yes
configure:5941: checking for stdlib.h
configure:5941: gcc -c -g -O0  conftest.c >&5
configure:5941: $? = 0
configure:5941: result: yes
configure:5941: checking for string.h
configure:5941: gcc -c -g -O0  conftest.c >&5
configure:5941: $? = 0
configure:5941: result: yes
configure:5941: checking for inttypes.h
configure:5941: gcc -c -g -O0  conftest.c >&5
configure:5941: $? = 0
configure:5941: result: yes
configure:5941: checking for stdint.h
configure:5941: gcc -c -g -O0  conftest.c >&5
configure:5941: $? = 0
configure:5941: result: yes
configure:5941: checking for strings.h
configure:5941: gcc -c -g -O0  conftest.c >&5
configure:5941: $? = 0
configure:5941: result: yes
configure:5941: checking for sys/stat.h
configure:5941: gcc -c -g -O0  conftest.c >&5
configure:5941: $? = 0
configure:5941: result: yes
configure:5941: checking for sys/types.h
configure:5941: gcc -c -g -O0  conftest.c >&5
configure:5941: $? = 0
configure:5941: result: yes
configure:5941: checking for unistd.h
configure:5941: gcc -c -g -O0  conftest.c >&5
configure:5941: $? = 0
configure:5941: result: yes
configure:5967: checking for locale.h
configure:5967: gcc -c -g -O0  conftest.c >&5
configure:5967: $? = 0
configure:5967: result: yes
configure:5975: checking for LC_MESSAGES
configure:5992: gcc -o conftest -g -O0   conftest.c  >&5
configure:5992: $? = 0
configure:6001: result: yes
configure:6019: checking for CFPreferencesCopyAppValue
configure:6038: gcc -o conftest -g -O0   conftest.c  -Wl,-framework -Wl,CoreFoundation >&5
conftest.c:24:10: fatal error: CoreFoundation/CFPreferences.h: No such file or directory
   24 | #include <CoreFoundation/CFPreferences.h>
      |          ^~~~~~~~~~~~~~~~~~~~~~~~~~~~~~~~
compilation terminated.
configure:6038: $? = 1
configure: failed program was:
| /* confdefs.h */
| #define PACKAGE_NAME "time_keeper"
| #define PACKAGE_TARNAME "time_keeper"
| #define PACKAGE_VERSION "0.1"
| #define PACKAGE_STRING "time_keeper 0.1"
| #define PACKAGE_BUGREPORT ""
| #define PACKAGE_URL ""
| #define PACKAGE "time_keeper"
| #define VERSION "0.1"
| #define GETTEXT_PACKAGE "time_keeper"
| #define HAVE_STDIO_H 1
| #define HAVE_STDLIB_H 1
| #define HAVE_STRING_H 1
| #define HAVE_INTTYPES_H 1
| #define HAVE_STDINT_H 1
| #define HAVE_STRINGS_H 1
| #define HAVE_SYS_STAT_H 1
| #define HAVE_SYS_TYPES_H 1
| #define HAVE_UNISTD_H 1
| #define STDC_HEADERS 1
| #define HAVE_LOCALE_H 1
| #define HAVE_LC_MESSAGES 1
| /* end confdefs.h.  */
| #include <CoreFoundation/CFPreferences.h>
| int
| main (void)
| {
| CFPreferencesCopyAppValue(NULL, NULL)
|   ;
|   return 0;
| }
configure:6048: result: no
configure:6055: checking for CFLocaleCopyCurrent
configure:6074: gcc -o conftest -g -O0   conftest.c  -Wl,-framework -Wl,CoreFoundation >&5
conftest.c:24:10: fatal error: CoreFoundation/CFLocale.h: No such file or directory
   24 | #include <CoreFoundation/CFLocale.h>
      |          ^~~~~~~~~~~~~~~~~~~~~~~~~~~
compilation terminated.
configure:6074: $? = 1
configure: failed program was:
| /* confdefs.h */
| #define PACKAGE_NAME "time_keeper"
| #define PACKAGE_TARNAME "time_keeper"
| #define PACKAGE_VERSION "0.1"
| #define PACKAGE_STRING "time_keeper 0.1"
| #define PACKAGE_BUGREPORT ""
| #define PACKAGE_URL ""
| #define PACKAGE "time_keeper"
| #define VERSION "0.1"
| #define GETTEXT_PACKAGE "time_keeper"
| #define HAVE_STDIO_H 1
| #define HAVE_STDLIB_H 1
| #define HAVE_STRING_H 1
| #define HAVE_INTTYPES_H 1
| #define HAVE_STDINT_H 1
| #define HAVE_STRINGS_H 1
| #define HAVE_SYS_STAT_H 1
| #define HAVE_SYS_TYPES_H 1
| #define HAVE_UNISTD_H 1
| #define STDC_HEADERS 1
| #define HAVE_LOCALE_H 1
| #define HAVE_LC_MESSAGES 1
| /* end confdefs.h.  */
| #include <CoreFoundation/CFLocale.h>
| int
| main (void)
| {
| CFLocaleCopyCurrent();
|   ;
|   return 0;
| }
configure:6084: result: no
configure:6098: checking for libintl.h
configure:6098: gcc -c -g -O0  conftest.c >&5
configure:6098: $? = 0
configure:6098: result: yes
configure:6107: checking for ngettext in libc
configure:6126: gcc -o conftest -g -O0   conftest.c  >&5
configure:6126: $? = 0
configure:6136: result: yes
configure:6140: checking for dgettext in libc
configure:6159: gcc -o conftest -g -O0   conftest.c  >&5
configure:6159: $? = 0
configure:6169: result: yes
configure:6174: checking for bind_textdomain_codeset
configure:6174: gcc -o conftest -g -O0   conftest.c  >&5
configure:6174: $? = 0
configure:6174: result: yes
configure:6444: checking for msgfmt
configure:6472: result: /usr/bin/msgfmt
configure:6481: checking for dcgettext
configure:6481: gcc -o conftest -g -O0   conftest.c   >&5
conftest.c:42:6: warning: conflicting types for built-in function 'dcgettext'; expected 'char *(const char *, const char *, int)' [-Wbuiltin-declaration-mismatch]
   42 | char dcgettext ();
      |      ^~~~~~~~~
configure:6481: $? = 0
configure:6481: result: yes
configure:6489: checking if msgfmt accepts -c
configure:6504: $MSGFMT -c -o /dev/null conftest.foo
conftest.foo:3: warning: header field 'Language' missing in header
configure:6507: $? = 0
configure:6509: result: yes
configure:6519: checking for gmsgfmt
configure:6555: result: /usr/bin/gmsgfmt
configure:6565: checking for xgettext
configure:6593: result: /usr/bin/xgettext
configure:6612: gcc -o conftest -g -O0   conftest.c   >&5
configure:6612: $? = 0
configure:6789: checking build system type
configure:6804: result: x86_64-pc-linux-gnu
configure:6824: checking host system type
configure:6838: result: x86_64-pc-linux-gnu
configure:6879: checking how to print strings
configure:6906: result: printf
configure:6927: checking for a sed that does not truncate output
configure:6997: result: /bin/sed
configure:7015: checking for grep that handles long lines and -e
configure:7079: result: /bin/grep
configure:7084: checking for egrep
configure:7152: result: /bin/grep -E
configure:7157: checking for fgrep
configure:7225: result: /bin/grep -F
configure:7261: checking for ld used by gcc
configure:7329: result: /usr/x86_64-pc-linux-gnu/bin/ld
configure:7336: checking if the linker (/usr/x86_64-pc-linux-gnu/bin/ld) is GNU ld
configure:7352: result: yes
configure:7364: checking for BSD- or MS-compatible name lister (nm)
configure:7419: result: /usr/bin/nm -B
configure:7559: checking the name lister (/usr/bin/nm -B) interface
configure:7567: gcc -c -g -O0  conftest.c >&5
configure:7570: /usr/bin/nm -B "conftest.o"
configure:7573: output
0000000000000000 B some_variable
configure:7580: result: BSD nm
configure:7583: checking whether ln -s works
configure:7587: result: yes
configure:7595: checking the maximum length of command line arguments
configure:7732: result: 1572864
configure:7780: checking how to convert x86_64-pc-linux-gnu file names to x86_64-pc-linux-gnu format
configure:7821: result: func_convert_file_noop
configure:7828: checking how to convert x86_64-pc-linux-gnu file names to toolchain format
configure:7849: result: func_convert_file_noop
configure:7856: checking for /usr/x86_64-pc-linux-gnu/bin/ld option to reload object files
configure:7864: result: -r
configure:7943: checking for objdump
configure:7964: found /usr/bin/objdump
configure:7975: result: objdump
configure:8007: checking how to recognize dependent libraries
configure:8208: result: pass_all
configure:8298: checking for dlltool
configure:8333: result: no
configure:8363: checking how to associate runtime and link libraries
configure:8391: result: printf %s\n
configure:8456: checking for ar
configure:8477: found /usr/bin/ar
configure:8488: result: ar
configure:8525: checking for archiver @FILE support
configure:8543: gcc -c -g -O0  conftest.c >&5
configure:8543: $? = 0
configure:8547: ar cru libconftest.a @conftest.lst >&5
configure:8550: $? = 0
configure:8555: ar cru libconftest.a @conftest.lst >&5
ar: conftest.o: No such file or directory
configure:8558: $? = 1
configure:8570: result: @
configure:8633: checking for strip
configure:8654: found /usr/bin/strip
configure:8665: result: strip
configure:8742: checking for ranlib
configure:8763: found /usr/bin/ranlib
configure:8774: result: ranlib
configure:8876: checking command to parse /usr/bin/nm -B output from gcc object
configure:9030: gcc -c -g -O0  conftest.c >&5
configure:9033: $? = 0
configure:9037: /usr/bin/nm -B conftest.o \| sed -n -e 's/^.*[ ]\([ABCDGIRSTW][ABCDGIRSTW]*\)[ ][ ]*\([_A-Za-z][_A-Za-z0-9]*\)$/\1 \2 \2/p' | sed '/ __gnu_lto/d' \> conftest.nm
configure:9040: $? = 0
configure:9106: gcc -o conftest -g -O0   conftest.c conftstm.o >&5
configure:9109: $? = 0
configure:9147: result: ok
configure:9194: checking for sysroot
configure:9225: result: no
configure:9232: checking for a working dd
configure:9276: result: /bin/dd
configure:9280: checking how to truncate binary pipes
configure:9296: result: /bin/dd bs=4096 count=1
configure:9433: gcc -c -g -O0  conftest.c >&5
configure:9436: $? = 0
configure:9633: checking for mt
configure:9668: result: no
configure:9688: checking if : is a manifest tool
configure:9695: : '-?'
configure:9703: result: no
configure:10429: checking for dlfcn.h
configure:10429: gcc -c -g -O0  conftest.c >&5
configure:10429: $? = 0
configure:10429: result: yes
configure:10699: checking for objdir
configure:10715: result: .libs
configure:10975: checking if gcc supports -fno-rtti -fno-exceptions
configure:10994: gcc -c -g -O0  -fno-rtti -fno-exceptions conftest.c >&5
cc1: warning: command-line option '-fno-rtti' is valid for C++/D/ObjC++ but not for C
configure:10998: $? = 0
configure:11011: result: no
configure:11369: checking for gcc option to produce PIC
configure:11377: result: -fPIC -DPIC
configure:11385: checking if gcc PIC flag -fPIC -DPIC works
configure:11404: gcc -c -g -O0  -fPIC -DPIC -DPIC conftest.c >&5
configure:11408: $? = 0
configure:11421: result: yes
configure:11450: checking if gcc static flag -static works
configure:11479: result: yes
configure:11494: checking if gcc supports -c -o file.o
configure:11516: gcc -c -g -O0  -o out/conftest2.o conftest.c >&5
configure:11520: $? = 0
configure:11542: result: yes
configure:11550: checking if gcc supports -c -o file.o
configure:11598: result: yes
configure:11631: checking whether the gcc linker (/usr/x86_64-pc-linux-gnu/bin/ld -m elf_x86_64) supports shared libraries
configure:12897: result: yes
configure:12934: checking whether -lc should be explicitly linked in
configure:12943: gcc -c -g -O0  conftest.c >&5
configure:12946: $? = 0
configure:12961: gcc -shared  -fPIC -DPIC conftest.o  -v -Wl,-soname -Wl,conftest -o conftest 2\>\&1 \| /bin/grep  -lc  \>/dev/null 2\>\&1
configure:12964: $? = 0
configure:12978: result: no
configure:13138: checking dynamic linker characteristics
configure:13733: gcc -o conftest -g -O0   -Wl,-rpath -Wl,/foo conftest.c  >&5
configure:13733: $? = 0
configure:13972: result: GNU/Linux ld.so
configure:14094: checking how to hardcode library paths into programs
configure:14119: result: immediate
configure:14671: checking whether stripping libraries is possible
configure:14676: result: yes
configure:14711: checking if libtool supports shared libraries
configure:14713: result: yes
configure:14716: checking whether to build shared libraries
configure:14741: result: yes
configure:14744: checking whether to build static libraries
configure:14748: result: yes
configure:14771: checking how to run the C++ preprocessor
configure:14793: g++ -E  conftest.cpp
configure:14793: $? = 0
configure:14808: g++ -E  conftest.cpp
conftest.cpp:30:10: fatal error: ac_nonexistent.h: No such file or directory
   30 | #include <ac_nonexistent.h>
      |          ^~~~~~~~~~~~~~~~~~
compilation terminated.
configure:14808: $? = 1
configure: failed program was:
| /* confdefs.h */
| #define PACKAGE_NAME "time_keeper"
| #define PACKAGE_TARNAME "time_keeper"
| #define PACKAGE_VERSION "0.1"
| #define PACKAGE_STRING "time_keeper 0.1"
| #define PACKAGE_BUGREPORT ""
| #define PACKAGE_URL ""
| #define PACKAGE "time_keeper"
| #define VERSION "0.1"
| #define GETTEXT_PACKAGE "time_keeper"
| #define HAVE_STDIO_H 1
| #define HAVE_STDLIB_H 1
| #define HAVE_STRING_H 1
| #define HAVE_INTTYPES_H 1
| #define HAVE_STDINT_H 1
| #define HAVE_STRINGS_H 1
| #define HAVE_SYS_STAT_H 1
| #define HAVE_SYS_TYPES_H 1
| #define HAVE_UNISTD_H 1
| #define STDC_HEADERS 1
| #define HAVE_LOCALE_H 1
| #define HAVE_LC_MESSAGES 1
| #define HAVE_BIND_TEXTDOMAIN_CODESET 1
| #define HAVE_GETTEXT 1
| #define HAVE_DCGETTEXT 1
| #define ENABLE_NLS 1
| #define HAVE_DLFCN_H 1
| #define LT_OBJDIR ".libs/"
| /* end confdefs.h.  */
| #include <ac_nonexistent.h>
configure:14835: result: g++ -E
configure:14849: g++ -E  conftest.cpp
configure:14849: $? = 0
configure:14864: g++ -E  conftest.cpp
conftest.cpp:30:10: fatal error: ac_nonexistent.h: No such file or directory
   30 | #include <ac_nonexistent.h>
      |          ^~~~~~~~~~~~~~~~~~
compilation terminated.
configure:14864: $? = 1
configure: failed program was:
| /* confdefs.h */
| #define PACKAGE_NAME "time_keeper"
| #define PACKAGE_TARNAME "time_keeper"
| #define PACKAGE_VERSION "0.1"
| #define PACKAGE_STRING "time_keeper 0.1"
| #define PACKAGE_BUGREPORT ""
| #define PACKAGE_URL ""
| #define PACKAGE "time_keeper"
| #define VERSION "0.1"
| #define GETTEXT_PACKAGE "time_keeper"
| #define HAVE_STDIO_H 1
| #define HAVE_STDLIB_H 1
| #define HAVE_STRING_H 1
| #define HAVE_INTTYPES_H 1
| #define HAVE_STDINT_H 1
| #define HAVE_STRINGS_H 1
| #define HAVE_SYS_STAT_H 1
| #define HAVE_SYS_TYPES_H 1
| #define HAVE_UNISTD_H 1
| #define STDC_HEADERS 1
| #define HAVE_LOCALE_H 1
| #define HAVE_LC_MESSAGES 1
| #define HAVE_BIND_TEXTDOMAIN_CODESET 1
| #define HAVE_GETTEXT 1
| #define HAVE_DCGETTEXT 1
| #define ENABLE_NLS 1
| #define HAVE_DLFCN_H 1
| #define LT_OBJDIR ".libs/"
| /* end confdefs.h.  */
| #include <ac_nonexistent.h>
configure:15029: checking for ld used by g++
configure:15097: result: /usr/x86_64-pc-linux-gnu/bin/ld -m elf_x86_64
configure:15104: checking if the linker (/usr/x86_64-pc-linux-gnu/bin/ld -m elf_x86_64) is GNU ld
configure:15120: result: yes
configure:15175: checking whether the g++ linker (/usr/x86_64-pc-linux-gnu/bin/ld -m elf_x86_64) supports shared libraries
configure:16252: result: yes
configure:16288: g++ -c -g -O0  conftest.cpp >&5
configure:16291: $? = 0
configure:16772: checking for g++ option to produce PIC
configure:16780: result: -fPIC -DPIC
configure:16788: checking if g++ PIC flag -fPIC -DPIC works
configure:16807: g++ -c -g -O0  -fPIC -DPIC -DPIC conftest.cpp >&5
configure:16811: $? = 0
configure:16824: result: yes
configure:16847: checking if g++ static flag -static works
configure:16876: result: yes
configure:16888: checking if g++ supports -c -o file.o
configure:16910: g++ -c -g -O0  -o out/conftest2.o conftest.cpp >&5
configure:16914: $? = 0
configure:16936: result: yes
configure:16941: checking if g++ supports -c -o file.o
configure:16989: result: yes
configure:17019: checking whether the g++ linker (/usr/x86_64-pc-linux-gnu/bin/ld -m elf_x86_64) supports shared libraries
configure:17059: result: yes
configure:17201: checking dynamic linker characteristics
configure:17962: result: GNU/Linux ld.so
configure:18027: checking how to hardcode library paths into programs
configure:18052: result: immediate
configure:18174: checking for pkg-config
configure:18197: found /usr/bin/pkg-config
configure:18209: result: /usr/bin/pkg-config
configure:18234: checking pkg-config is at least version 0.9.0
configure:18237: result: yes
configure:18247: checking for TIME_KEEPER
configure:18254: $PKG_CONFIG --exists --print-errors "gtkmm-4.0 "
configure:18257: $? = 0
configure:18271: $PKG_CONFIG --exists --print-errors "gtkmm-4.0 "
configure:18274: $? = 0
configure:18332: result: yes
configure:18443: checking that generated files are newer than configure
configure:18449: result: done
configure:18480: creating ./config.status

## ---------------------- ##
## Running config.status. ##
## ---------------------- ##

This file was extended by time_keeper config.status 0.1, which was
generated by GNU Autoconf 2.71.  Invocation command line was

  CONFIG_FILES    = 
  CONFIG_HEADERS  = 
  CONFIG_LINKS    = 
  CONFIG_COMMANDS = 
  $ ./config.status 

on localhost

config.status:1233: creating Makefile
config.status:1233: creating src/Makefile
config.status:1233: creating po/Makefile.in
config.status:1233: creating config.h
config.status:1447: executing depfiles commands
config.status:1524: cd src       && sed -e '/# am--include-marker/d' Makefile         | make -f - am--depfiles
config.status:1529: $? = 0
config.status:1447: executing default-1 commands
config.status:1447: executing libtool commands
config.status:1447: executing po/stamp-it commands
configure:20911: WARNING: unrecognized options: --enable-maintainer-mode

## ---------------- ##
## Cache variables. ##
## ---------------- ##

ac_cv_build=x86_64-pc-linux-gnu
ac_cv_c_compiler_gnu=yes
ac_cv_cxx_compiler_gnu=yes
ac_cv_env_CCC_set=
ac_cv_env_CCC_value=
ac_cv_env_CC_set=
ac_cv_env_CC_value=
ac_cv_env_CFLAGS_set=set
ac_cv_env_CFLAGS_value='-g -O0'
ac_cv_env_CPPFLAGS_set=
ac_cv_env_CPPFLAGS_value=
ac_cv_env_CXXCPP_set=
ac_cv_env_CXXCPP_value=
ac_cv_env_CXXFLAGS_set=set
ac_cv_env_CXXFLAGS_value='-g -O0'
ac_cv_env_CXX_set=
ac_cv_env_CXX_value=
ac_cv_env_LDFLAGS_set=
ac_cv_env_LDFLAGS_value=
ac_cv_env_LIBS_set=
ac_cv_env_LIBS_value=
ac_cv_env_LT_SYS_LIBRARY_PATH_set=
ac_cv_env_LT_SYS_LIBRARY_PATH_value=
ac_cv_env_PKG_CONFIG_LIBDIR_set=
ac_cv_env_PKG_CONFIG_LIBDIR_value=
ac_cv_env_PKG_CONFIG_PATH_set=
ac_cv_env_PKG_CONFIG_PATH_value=
ac_cv_env_PKG_CONFIG_set=
ac_cv_env_PKG_CONFIG_value=
ac_cv_env_TIME_KEEPER_CFLAGS_set=
ac_cv_env_TIME_KEEPER_CFLAGS_value=
ac_cv_env_TIME_KEEPER_LIBS_set=
ac_cv_env_TIME_KEEPER_LIBS_value=
ac_cv_env_build_alias_set=
ac_cv_env_build_alias_value=
ac_cv_env_host_alias_set=
ac_cv_env_host_alias_value=
ac_cv_env_target_alias_set=
ac_cv_env_target_alias_value=
ac_cv_func_bind_textdomain_codeset=yes
ac_cv_func_dcgettext=yes
ac_cv_header_dlfcn_h=yes
ac_cv_header_inttypes_h=yes
ac_cv_header_libintl_h=yes
ac_cv_header_locale_h=yes
ac_cv_header_stdint_h=yes
ac_cv_header_stdio_h=yes
ac_cv_header_stdlib_h=yes
ac_cv_header_string_h=yes
ac_cv_header_strings_h=yes
ac_cv_header_sys_stat_h=yes
ac_cv_header_sys_types_h=yes
ac_cv_header_unistd_h=yes
ac_cv_host=x86_64-pc-linux-gnu
ac_cv_objext=o
ac_cv_path_EGREP='/bin/grep -E'
ac_cv_path_FGREP='/bin/grep -F'
ac_cv_path_GMSGFMT=/usr/bin/gmsgfmt
ac_cv_path_GREP=/bin/grep
ac_cv_path_INTLTOOL_EXTRACT=/usr/bin/intltool-extract
ac_cv_path_INTLTOOL_MERGE=/usr/bin/intltool-merge
ac_cv_path_INTLTOOL_PERL=/usr/bin/perl
ac_cv_path_INTLTOOL_UPDATE=/usr/bin/intltool-update
ac_cv_path_MSGFMT=/usr/bin/msgfmt
ac_cv_path_MSGMERGE=/usr/bin/msgmerge
ac_cv_path_SED=/bin/sed
ac_cv_path_XGETTEXT=/usr/bin/xgettext
ac_cv_path_ac_pt_PKG_CONFIG=/usr/bin/pkg-config
ac_cv_path_install='/usr/bin/install -c'
ac_cv_path_lt_DD=/bin/dd
ac_cv_path_mkdir=/bin/mkdir
ac_cv_prog_AWK=gawk
ac_cv_prog_CXXCPP='g++ -E'
ac_cv_prog_ac_ct_AR=ar
ac_cv_prog_ac_ct_CC=gcc
ac_cv_prog_ac_ct_CXX=g++
ac_cv_prog_ac_ct_OBJDUMP=objdump
ac_cv_prog_ac_ct_RANLIB=ranlib
ac_cv_prog_ac_ct_STRIP=strip
ac_cv_prog_cc_c11=
ac_cv_prog_cc_g=yes
ac_cv_prog_cc_stdc=
ac_cv_prog_cxx_11=no
ac_cv_prog_cxx_cxx11=
ac_cv_prog_cxx_g=yes
ac_cv_prog_cxx_stdcxx=
ac_cv_prog_make_make_set=yes
am_cv_CC_dependencies_compiler_type=gcc3
am_cv_CXX_dependencies_compiler_type=gcc3
am_cv_make_support_nested_variables=yes
am_cv_prog_cc_c_o=yes
am_cv_val_LC_MESSAGES=yes
gt_cv_func_CFLocaleCopyCurrent=no
gt_cv_func_CFPreferencesCopyAppValue=no
gt_cv_func_dgettext_libc=yes
gt_cv_func_dgettext_libintl=no
gt_cv_func_ngettext_libc=yes
gt_cv_have_gettext=yes
lt_cv_ar_at_file=@
lt_cv_archive_cmds_need_lc=no
lt_cv_deplibs_check_method=pass_all
lt_cv_file_magic_cmd='$MAGIC_CMD'
lt_cv_file_magic_test_file=
lt_cv_ld_reload_flag=-r
lt_cv_nm_interface='BSD nm'
lt_cv_objdir=.libs
lt_cv_path_LD=/usr/x86_64-pc-linux-gnu/bin/ld
lt_cv_path_LDCXX='/usr/x86_64-pc-linux-gnu/bin/ld -m elf_x86_64'
lt_cv_path_NM='/usr/bin/nm -B'
lt_cv_path_mainfest_tool=no
lt_cv_prog_compiler_c_o=yes
lt_cv_prog_compiler_c_o_CXX=yes
lt_cv_prog_compiler_pic='-fPIC -DPIC'
lt_cv_prog_compiler_pic_CXX='-fPIC -DPIC'
lt_cv_prog_compiler_pic_works=yes
lt_cv_prog_compiler_pic_works_CXX=yes
lt_cv_prog_compiler_rtti_exceptions=no
lt_cv_prog_compiler_static_works=yes
lt_cv_prog_compiler_static_works_CXX=yes
lt_cv_prog_gnu_ld=yes
lt_cv_prog_gnu_ldcxx=yes
lt_cv_sharedlib_from_linklib_cmd='printf %s\n'
lt_cv_shlibpath_overrides_runpath=yes
lt_cv_sys_global_symbol_pipe='sed -n -e '\''s/^.*[	 ]\([ABCDGIRSTW][ABCDGIRSTW]*\)[	 ][	 ]*\([_A-Za-z][_A-Za-z0-9]*\)$/\1 \2 \2/p'\'' | sed '\''/ __gnu_lto/d'\'''
lt_cv_sys_global_symbol_to_c_name_address='sed -n -e '\''s/^: \(.*\) .*$/  {"\1", (void *) 0},/p'\'' -e '\''s/^[ABCDGIRSTW][ABCDGIRSTW]* .* \(.*\)$/  {"\1", (void *) \&\1},/p'\'''
lt_cv_sys_global_symbol_to_c_name_address_lib_prefix='sed -n -e '\''s/^: \(.*\) .*$/  {"\1", (void *) 0},/p'\'' -e '\''s/^[ABCDGIRSTW][ABCDGIRSTW]* .* \(lib.*\)$/  {"\1", (void *) \&\1},/p'\'' -e '\''s/^[ABCDGIRSTW][ABCDGIRSTW]* .* \(.*\)$/  {"lib\1", (void *) \&\1},/p'\'''
lt_cv_sys_global_symbol_to_cdecl='sed -n -e '\''s/^T .* \(.*\)$/extern int \1();/p'\'' -e '\''s/^[ABCDGIRSTW][ABCDGIRSTW]* .* \(.*\)$/extern char \1;/p'\'''
lt_cv_sys_global_symbol_to_import=
lt_cv_sys_max_cmd_len=1572864
lt_cv_to_host_file_cmd=func_convert_file_noop
lt_cv_to_tool_file_cmd=func_convert_file_noop
lt_cv_truncate_bin='/bin/dd bs=4096 count=1'
pkg_cv_TIME_KEEPER_CFLAGS='-I/usr/include/gtkmm-4.0 -I/usr/lib64/gtkmm-4.0/include -I/usr/include/giomm-2.68 -I/usr/lib64/giomm-2.68/include -I/usr/include/glib-2.0 -I/usr/lib64/glib-2.0/include -I/usr/lib64/libffi/include -I/usr/include/libmount -I/usr/include/blkid -I/usr/include/glibmm-2.68 -I/usr/lib64/glibmm-2.68/include -I/usr/include/sigc++-3.0 -I/usr/lib64/sigc++-3.0/include -I/usr/include/gtk-4.0 -I/usr/include/pango-1.0 -I/usr/include/harfbuzz -I/usr/include/freetype2 -I/usr/include/fribidi -I/usr/include/uuid -I/usr/include/cairo -I/usr/include/pixman-1 -I/usr/include/libpng16 -I/usr/include/gdk-pixbuf-2.0 -I/usr/include/graphene-1.0 -I/usr/lib64/graphene-1.0/include -I/usr/include/gio-unix-2.0 -I/usr/include/cairomm-1.16 -I/usr/lib64/cairomm-1.16/include -I/usr/include/pangomm-2.48 -I/usr/lib64/pangomm-2.48/include -I/usr/include/gtk-4.0/unix-print -mfpmath=sse -msse -msse2 -pthread '
pkg_cv_TIME_KEEPER_LIBS='-lgtkmm-4.0 -lpangomm-2.48 -lgiomm-2.68 -lglibmm-2.68 -lcairomm-1.16 -lsigc-3.0 -lgtk-4 -lpangocairo-1.0 -lpango-1.0 -lharfbuzz -lgdk_pixbuf-2.0 -lcairo-gobject -lcairo -lgraphene-1.0 -lgio-2.0 -lgobject-2.0 -lglib-2.0 '

## ----------------- ##
## Output variables. ##
## ----------------- ##

ACLOCAL='${SHELL} '\''/home/teste/programando/time_keeper/missing'\'' aclocal-1.16'
ALL_LINGUAS=''
AMDEPBACKSLASH='\'
AMDEP_FALSE='#'
AMDEP_TRUE=''
AMTAR='$${TAR-tar}'
AM_BACKSLASH='\'
AM_DEFAULT_V='$(AM_DEFAULT_VERBOSITY)'
AM_DEFAULT_VERBOSITY='0'
AM_V='$(V)'
AR='ar'
AUTOCONF='${SHELL} '\''/home/teste/programando/time_keeper/missing'\'' autoconf'
AUTOHEADER='${SHELL} '\''/home/teste/programando/time_keeper/missing'\'' autoheader'
AUTOMAKE='${SHELL} '\''/home/teste/programando/time_keeper/missing'\'' automake-1.16'
AWK='gawk'
CATALOGS=''
CATOBJEXT='.gmo'
CC='gcc'
CCDEPMODE='depmode=gcc3'
CFLAGS='-g -O0'
CPPFLAGS=''
CSCOPE='cscope'
CTAGS='ctags'
CXX='g++'
CXXCPP='g++ -E'
CXXDEPMODE='depmode=gcc3'
CXXFLAGS='-g -O0'
CYGPATH_W='echo'
DATADIRNAME='share'
DEFS='-DHAVE_CONFIG_H'
DEPDIR='.deps'
DLLTOOL='false'
DSYMUTIL=''
DUMPBIN=''
ECHO_C=''
ECHO_N='-n'
ECHO_T=''
EGREP='/bin/grep -E'
ETAGS='etags'
EXEEXT=''
FGREP='/bin/grep -F'
GETTEXT_PACKAGE='time_keeper'
GMOFILES=''
GMSGFMT='/usr/bin/gmsgfmt'
GREP='/bin/grep'
INSTALL_DATA='${INSTALL} -m 644'
INSTALL_PROGRAM='${INSTALL}'
INSTALL_SCRIPT='${INSTALL}'
INSTALL_STRIP_PROGRAM='$(install_sh) -c -s'
INSTOBJEXT='.mo'
INTLLIBS=''
INTLTOOL_CAVES_RULE='%.caves:     %.caves.in     $(INTLTOOL_MERGE) $(wildcard $(top_srcdir)/po/*.po) ; $(INTLTOOL_V_MERGE)LC_ALL=C $(INTLTOOL_MERGE) $(INTLTOOL_V_MERGE_OPTIONS) -d -u -c $(top_builddir)/po/.intltool-merge-cache $(top_srcdir)/po $< $@'
INTLTOOL_DESKTOP_RULE='%.desktop:   %.desktop.in   $(INTLTOOL_MERGE) $(wildcard $(top_srcdir)/po/*.po) ; $(INTLTOOL_V_MERGE)LC_ALL=C $(INTLTOOL_MERGE) $(INTLTOOL_V_MERGE_OPTIONS) -d -u -c $(top_builddir)/po/.intltool-merge-cache $(top_srcdir)/po $< $@'
INTLTOOL_DIRECTORY_RULE='%.directory: %.directory.in $(INTLTOOL_MERGE) $(wildcard $(top_srcdir)/po/*.po) ; $(INTLTOOL_V_MERGE)LC_ALL=C $(INTLTOOL_MERGE) $(INTLTOOL_V_MERGE_OPTIONS) -d -u -c $(top_builddir)/po/.intltool-merge-cache $(top_srcdir)/po $< $@'
INTLTOOL_EXTRACT='/usr/bin/intltool-extract'
INTLTOOL_KBD_RULE='%.kbd:       %.kbd.in       $(INTLTOOL_MERGE) $(wildcard $(top_srcdir)/po/*.po) ; $(INTLTOOL_V_MERGE)LC_ALL=C $(INTLTOOL_MERGE) $(INTLTOOL_V_MERGE_OPTIONS) -x -u -m -c $(top_builddir)/po/.intltool-merge-cache $(top_srcdir)/po $< $@'
INTLTOOL_KEYS_RULE='%.keys:      %.keys.in      $(INTLTOOL_MERGE) $(wildcard $(top_srcdir)/po/*.po) ; $(INTLTOOL_V_MERGE)LC_ALL=C $(INTLTOOL_MERGE) $(INTLTOOL_V_MERGE_OPTIONS) -k -u -c $(top_builddir)/po/.intltool-merge-cache $(top_srcdir)/po $< $@'
INTLTOOL_MERGE='/usr/bin/intltool-merge'
INTLTOOL_OAF_RULE='%.oaf:       %.oaf.in       $(INTLTOOL_MERGE) $(wildcard $(top_srcdir)/po/*.po) ; $(INTLTOOL_V_MERGE)LC_ALL=C $(INTLTOOL_MERGE) $(INTLTOOL_V_MERGE_OPTIONS) -o -p $(top_srcdir)/po $< $@'
INTLTOOL_PERL='/usr/bin/perl'
INTLTOOL_POLICY_RULE='%.policy:    %.policy.in    $(INTLTOOL_MERGE) $(wildcard $(top_srcdir)/po/*.po) ; $(INTLTOOL_V_MERGE)LC_ALL=C $(INTLTOOL_MERGE) $(INTLTOOL_V_MERGE_OPTIONS) -x -u -c $(top_builddir)/po/.intltool-merge-cache $(top_srcdir)/po $< $@'
INTLTOOL_PONG_RULE='%.pong:      %.pong.in      $(INTLTOOL_MERGE) $(wildcard $(top_srcdir)/po/*.po) ; $(INTLTOOL_V_MERGE)LC_ALL=C $(INTLTOOL_MERGE) $(INTLTOOL_V_MERGE_OPTIONS) -x -u -c $(top_builddir)/po/.intltool-merge-cache $(top_srcdir)/po $< $@'
INTLTOOL_PROP_RULE='%.prop:      %.prop.in      $(INTLTOOL_MERGE) $(wildcard $(top_srcdir)/po/*.po) ; $(INTLTOOL_V_MERGE)LC_ALL=C $(INTLTOOL_MERGE) $(INTLTOOL_V_MERGE_OPTIONS) -d -u -c $(top_builddir)/po/.intltool-merge-cache $(top_srcdir)/po $< $@'
INTLTOOL_SCHEMAS_RULE='%.schemas:   %.schemas.in   $(INTLTOOL_MERGE) $(wildcard $(top_srcdir)/po/*.po) ; $(INTLTOOL_V_MERGE)LC_ALL=C $(INTLTOOL_MERGE) $(INTLTOOL_V_MERGE_OPTIONS) -s -u -c $(top_builddir)/po/.intltool-merge-cache $(top_srcdir)/po $< $@'
INTLTOOL_SERVER_RULE='%.server:    %.server.in    $(INTLTOOL_MERGE) $(wildcard $(top_srcdir)/po/*.po) ; $(INTLTOOL_V_MERGE)LC_ALL=C $(INTLTOOL_MERGE) $(INTLTOOL_V_MERGE_OPTIONS) -o -u -c $(top_builddir)/po/.intltool-merge-cache $(top_srcdir)/po $< $@'
INTLTOOL_SERVICE_RULE='%.service: %.service.in   $(INTLTOOL_MERGE) $(wildcard $(top_srcdir)/po/*.po) ; $(INTLTOOL_V_MERGE)LC_ALL=C $(INTLTOOL_MERGE) $(INTLTOOL_V_MERGE_OPTIONS) -d -u -c $(top_builddir)/po/.intltool-merge-cache $(top_srcdir)/po $< $@'
INTLTOOL_SHEET_RULE='%.sheet:     %.sheet.in     $(INTLTOOL_MERGE) $(wildcard $(top_srcdir)/po/*.po) ; $(INTLTOOL_V_MERGE)LC_ALL=C $(INTLTOOL_MERGE) $(INTLTOOL_V_MERGE_OPTIONS) -x -u -c $(top_builddir)/po/.intltool-merge-cache $(top_srcdir)/po $< $@'
INTLTOOL_SOUNDLIST_RULE='%.soundlist: %.soundlist.in $(INTLTOOL_MERGE) $(wildcard $(top_srcdir)/po/*.po) ; $(INTLTOOL_V_MERGE)LC_ALL=C $(INTLTOOL_MERGE) $(INTLTOOL_V_MERGE_OPTIONS) -d -u -c $(top_builddir)/po/.intltool-merge-cache $(top_srcdir)/po $< $@'
INTLTOOL_THEME_RULE='%.theme:     %.theme.in     $(INTLTOOL_MERGE) $(wildcard $(top_srcdir)/po/*.po) ; $(INTLTOOL_V_MERGE)LC_ALL=C $(INTLTOOL_MERGE) $(INTLTOOL_V_MERGE_OPTIONS) -d -u -c $(top_builddir)/po/.intltool-merge-cache $(top_srcdir)/po $< $@'
INTLTOOL_UI_RULE='%.ui:        %.ui.in        $(INTLTOOL_MERGE) $(wildcard $(top_srcdir)/po/*.po) ; $(INTLTOOL_V_MERGE)LC_ALL=C $(INTLTOOL_MERGE) $(INTLTOOL_V_MERGE_OPTIONS) -x -u -c $(top_builddir)/po/.intltool-merge-cache $(top_srcdir)/po $< $@'
INTLTOOL_UPDATE='/usr/bin/intltool-update'
INTLTOOL_V_MERGE='$(INTLTOOL__v_MERGE_$(V))'
INTLTOOL_V_MERGE_OPTIONS='$(intltool__v_merge_options_$(V))'
INTLTOOL_XAM_RULE='%.xam:       %.xml.in       $(INTLTOOL_MERGE) $(wildcard $(top_srcdir)/po/*.po) ; $(INTLTOOL_V_MERGE)LC_ALL=C $(INTLTOOL_MERGE) $(INTLTOOL_V_MERGE_OPTIONS) -x -u -c $(top_builddir)/po/.intltool-merge-cache $(top_srcdir)/po $< $@'
INTLTOOL_XML_NOMERGE_RULE='%.xml:       %.xml.in       $(INTLTOOL_MERGE) ; $(INTLTOOL_V_MERGE)LC_ALL=C $(INTLTOOL_MERGE) $(INTLTOOL_V_MERGE_OPTIONS) -x -u --no-translations $< $@'
INTLTOOL_XML_RULE='%.xml:       %.xml.in       $(INTLTOOL_MERGE) $(wildcard $(top_srcdir)/po/*.po) ; $(INTLTOOL_V_MERGE)LC_ALL=C $(INTLTOOL_MERGE) $(INTLTOOL_V_MERGE_OPTIONS) -x -u -c $(top_builddir)/po/.intltool-merge-cache $(top_srcdir)/po $< $@'
INTLTOOL__v_MERGE_0='@echo "  ITMRG " $@;'
INTLTOOL__v_MERGE_='$(INTLTOOL__v_MERGE_$(AM_DEFAULT_VERBOSITY))'
INTL_MACOSX_LIBS=''
LD='/usr/x86_64-pc-linux-gnu/bin/ld -m elf_x86_64'
LDFLAGS=''
LIBOBJS=''
LIBS=''
LIBTOOL='$(SHELL) $(top_builddir)/libtool'
LIPO=''
LN_S='ln -s'
LTLIBOBJS=''
LT_SYS_LIBRARY_PATH=''
MAKEINFO='${SHELL} '\''/home/teste/programando/time_keeper/missing'\'' makeinfo'
MANIFEST_TOOL=':'
MKDIR_P='/bin/mkdir -p'
MKINSTALLDIRS='/home/teste/programando/time_keeper//mkinstalldirs'
MSGFMT='/usr/bin/msgfmt'
MSGFMT_OPTS='-c'
MSGMERGE='/usr/bin/msgmerge'
NM='/usr/bin/nm -B'
NMEDIT=''
OBJDUMP='objdump'
OBJEXT='o'
OTOOL64=''
OTOOL=''
PACKAGE='time_keeper'
PACKAGE_BUGREPORT=''
PACKAGE_NAME='time_keeper'
PACKAGE_STRING='time_keeper 0.1'
PACKAGE_TARNAME='time_keeper'
PACKAGE_URL=''
PACKAGE_VERSION='0.1'
PATH_SEPARATOR=':'
PKG_CONFIG='/usr/bin/pkg-config'
PKG_CONFIG_LIBDIR=''
PKG_CONFIG_PATH=''
POFILES=''
POSUB='po'
PO_IN_DATADIR_FALSE=''
PO_IN_DATADIR_TRUE=''
RANLIB='ranlib'
SED='/bin/sed'
SET_MAKE=''
SHELL='/bin/sh'
STRIP='strip'
TIME_KEEPER_CFLAGS='-I/usr/include/gtkmm-4.0 -I/usr/lib64/gtkmm-4.0/include -I/usr/include/giomm-2.68 -I/usr/lib64/giomm-2.68/include -I/usr/include/glib-2.0 -I/usr/lib64/glib-2.0/include -I/usr/lib64/libffi/include -I/usr/include/libmount -I/usr/include/blkid -I/usr/include/glibmm-2.68 -I/usr/lib64/glibmm-2.68/include -I/usr/include/sigc++-3.0 -I/usr/lib64/sigc++-3.0/include -I/usr/include/gtk-4.0 -I/usr/include/pango-1.0 -I/usr/include/harfbuzz -I/usr/include/freetype2 -I/usr/include/fribidi -I/usr/include/uuid -I/usr/include/cairo -I/usr/include/pixman-1 -I/usr/include/libpng16 -I/usr/include/gdk-pixbuf-2.0 -I/usr/include/graphene-1.0 -I/usr/lib64/graphene-1.0/include -I/usr/include/gio-unix-2.0 -I/usr/include/cairomm-1.16 -I/usr/lib64/cairomm-1.16/include -I/usr/include/pangomm-2.48 -I/usr/lib64/pangomm-2.48/include -I/usr/include/gtk-4.0/unix-print -mfpmath=sse -msse -msse2 -pthread '
TIME_KEEPER_LIBS='-lgtkmm-4.0 -lpangomm-2.48 -lgiomm-2.68 -lglibmm-2.68 -lcairomm-1.16 -lsigc-3.0 -lgtk-4 -lpangocairo-1.0 -lpango-1.0 -lharfbuzz -lgdk_pixbuf-2.0 -lcairo-gobject -lcairo -lgraphene-1.0 -lgio-2.0 -lgobject-2.0 -lglib-2.0 '
USE_NLS='yes'
VERSION='0.1'
XGETTEXT='/usr/bin/xgettext'
ac_ct_AR='ar'
ac_ct_CC='gcc'
ac_ct_CXX='g++'
ac_ct_DUMPBIN=''
am__EXEEXT_FALSE=''
am__EXEEXT_TRUE='#'
am__fastdepCC_FALSE='#'
am__fastdepCC_TRUE=''
am__fastdepCXX_FALSE='#'
am__fastdepCXX_TRUE=''
am__include='include'
am__isrc=' -I$(srcdir)'
am__leading_dot='.'
am__nodep='_no'
am__quote=''
am__tar='$${TAR-tar} chof - "$$tardir"'
am__untar='$${TAR-tar} xf -'
bindir='${exec_prefix}/bin'
build='x86_64-pc-linux-gnu'
build_alias=''
build_cpu='x86_64'
build_os='linux-gnu'
build_vendor='pc'
datadir='${datarootdir}'
datarootdir='${prefix}/share'
docdir='${datarootdir}/doc/${PACKAGE_TARNAME}'
dvidir='${docdir}'
exec_prefix='${prefix}'
host='x86_64-pc-linux-gnu'
host_alias=''
host_cpu='x86_64'
host_os='linux-gnu'
host_vendor='pc'
htmldir='${docdir}'
includedir='${prefix}/include'
infodir='${datarootdir}/info'
install_sh='${SHELL} /home/teste/programando/time_keeper/install-sh'
intltool__v_merge_options_0='-q'
intltool__v_merge_options_='$(intltool__v_merge_options_$(AM_DEFAULT_VERBOSITY))'
libdir='${exec_prefix}/lib'
libexecdir='${exec_prefix}/libexec'
localedir='${datarootdir}/locale'
localstatedir='${prefix}/var'
mandir='${datarootdir}/man'
mkdir_p='$(MKDIR_P)'
oldincludedir='/usr/include'
pdfdir='${docdir}'
prefix='/usr/local'
program_transform_name='s,x,x,'
psdir='${docdir}'
runstatedir='${localstatedir}/run'
sbindir='${exec_prefix}/sbin'
sharedstatedir='${prefix}/com'
sysconfdir='${prefix}/etc'
target_alias=''

## ----------- ##
## confdefs.h. ##
## ----------- ##

/* confdefs.h */
#define PACKAGE_NAME "time_keeper"
#define PACKAGE_TARNAME "time_keeper"
#define PACKAGE_VERSION "0.1"
#define PACKAGE_STRING "time_keeper 0.1"
#define PACKAGE_BUGREPORT ""
#define PACKAGE_URL ""
#define PACKAGE "time_keeper"
#define VERSION "0.1"
#define GETTEXT_PACKAGE "time_keeper"
#define HAVE_STDIO_H 1
#define HAVE_STDLIB_H 1
#define HAVE_STRING_H 1
#define HAVE_INTTYPES_H 1
#define HAVE_STDINT_H 1
#define HAVE_STRINGS_H 1
#define HAVE_SYS_STAT_H 1
#define HAVE_SYS_TYPES_H 1
#define HAVE_UNISTD_H 1
#define STDC_HEADERS 1
#define HAVE_LOCALE_H 1
#define HAVE_LC_MESSAGES 1
#define HAVE_BIND_TEXTDOMAIN_CODESET 1
#define HAVE_GETTEXT 1
#define HAVE_DCGETTEXT 1
#define ENABLE_NLS 1
#define HAVE_DLFCN_H 1
#define LT_OBJDIR ".libs/"

configure: exit 0

## ---------------------- ##
## Running config.status. ##
## ---------------------- ##

This file was extended by time_keeper config.status 0.1, which was
generated by GNU Autoconf 2.71.  Invocation command line was

  CONFIG_FILES    = 
  CONFIG_HEADERS  = 
  CONFIG_LINKS    = 
  CONFIG_COMMANDS = 
  $ ./config.status config.h

on localhost

config.status:1233: creating config.h
config.status:1399: config.h is unchanged
